[debug] [2021-05-15T17:32:52.404Z] ----------------------------------------------------------------------
[debug] [2021-05-15T17:32:52.408Z] Command:       C:\Program Files\nodejs\node.exe C:\Users\shahi\AppData\Roaming\npm\node_modules\firebase-tools\lib\bin\firebase.js init
[debug] [2021-05-15T17:32:52.408Z] CLI Version:   9.10.2
[debug] [2021-05-15T17:32:52.408Z] Platform:      win32
[debug] [2021-05-15T17:32:52.409Z] Node Version:  v12.18.1
[debug] [2021-05-15T17:32:52.410Z] Time:          Sat May 15 2021 23:32:52 GMT+0600 (Bangladesh Standard Time)
[debug] [2021-05-15T17:32:52.410Z] ----------------------------------------------------------------------
[debug] 
[debug] [2021-05-15T17:32:52.422Z] > command requires scopes: ["email","openid","https://www.googleapis.com/auth/cloudplatformprojects.readonly","https://www.googleapis.com/auth/firebase","https://www.googleapis.com/auth/cloud-platform"]
[debug] [2021-05-15T17:32:52.422Z] > authorizing via signed-in user (shahidul.dev@gmail.com)
[info] 
     ######## #### ########  ######## ########     ###     ######  ########
     ##        ##  ##     ## ##       ##     ##  ##   ##  ##       ##
     ######    ##  ########  ######   ########  #########  ######  ######
     ##        ##  ##    ##  ##       ##     ## ##     ##       ## ##
     ##       #### ##     ## ######## ########  ##     ##  ######  ########

You're about to initialize a Firebase project in this directory:

  C:\web development\projects\travel-agency

Before we get started, keep in mind:

  * You are currently outside your home directory
  * You are initializing in an existing Firebase project directory

[info] 
=== Project Setup
[info] 
[info] First, let's associate this project directory with a Firebase project.
[info] You can create multiple project aliases by running firebase use --add, 
[info] but for now we'll just set up a default project.
[info] 
[info] i  .firebaserc already has a default project, using travel-trickbd. 
[debug] [2021-05-15T17:33:06.392Z] > refreshing access token with scopes: []
[debug] [2021-05-15T17:33:06.393Z] >>> HTTP REQUEST POST https://www.googleapis.com/oauth2/v3/token  
 <request body omitted>
[debug] [2021-05-15T17:33:06.779Z] <<< HTTP RESPONSE 200 {"date":"Sat, 15 May 2021 17:33:08 GMT","cache-control":"no-cache, no-store, max-age=0, must-revalidate","pragma":"no-cache","expires":"Mon, 01 Jan 1990 00:00:00 GMT","content-type":"application/json; charset=utf-8","vary":"X-Origin, Referer, Origin,Accept-Encoding","server":"scaffolding on HTTPServer2","x-xss-protection":"0","x-frame-options":"SAMEORIGIN","x-content-type-options":"nosniff","alt-svc":"h3-29=\":443\"; ma=2592000,h3-T051=\":443\"; ma=2592000,h3-Q050=\":443\"; ma=2592000,h3-Q046=\":443\"; ma=2592000,h3-Q043=\":443\"; ma=2592000,quic=\":443\"; ma=2592000; v=\"46,43\"","accept-ranges":"none","transfer-encoding":"chunked"}
[debug] [2021-05-15T17:33:06.830Z] >>> [apiv2][query] GET https://firebase.googleapis.com/v1beta1/projects/travel-trickbd [none]
[debug] [2021-05-15T17:33:07.334Z] <<< [apiv2][status] GET https://firebase.googleapis.com/v1beta1/projects/travel-trickbd 200
[debug] [2021-05-15T17:33:07.335Z] <<< [apiv2][body] GET https://firebase.googleapis.com/v1beta1/projects/travel-trickbd {"projectId":"travel-trickbd","projectNumber":"651150657107","displayName":"travel-trickbd","name":"projects/travel-trickbd","resources":{"hostingSite":"travel-trickbd"},"state":"ACTIVE"}
[info] 
=== Hosting Setup
[info] 
[info] Your public directory is the folder (relative to your project directory) that
[info] will contain Hosting assets to be uploaded with firebase deploy. If you
[info] have a build process for your assets, use your build's output directory.
[info] 
